<?xml version="1.0" encoding="UTF-8"?>
<!-- Generated by org.testng.reporters.JUnitReportReporter -->
<testsuite skipped="0" hostname="ojt27-PC" name="Qedge.AppTest" tests="1" failures="0" timestamp="23 Oct 2019 04:46:40 GMT" time="0.000" errors="0">
  <testcase name="testApp" time="0.000" classname="Qedge.AppTest"/>
</testsuite> <!-- Qedge.AppTest -->
